<?xml version="1.0" encoding="UTF-8" ?>
<testsuite errors="0" failures="0" hostname="Samsung-PC" name="fiuba.algo3.modelo.RadarTest" skipped="0" tests="9" time="0.012" timestamp="2013-11-15T19:28:39">
  <properties>
[...]
</properties>
  <testcase classname="fiuba.algo3.modelo.RadarTest" name="testDeberiaApagarseLaEsquinaDondeEstabaElAutoAntesDeMoverseHaciaOtraEsquina" time="0.001" />
  <testcase classname="fiuba.algo3.modelo.RadarTest" name="testSiEsquinaDondeEstabaElAutoEstaDentroDelRadio2DeLaNuevaEsquinaDeberiaEstarPrendida" time="0.0" />
  <testcase classname="fiuba.algo3.modelo.RadarTest" name="testDeberiaCambiarEstadoDeVisibilidadDeUnaEsquina" time="0.0" />
  <testcase classname="fiuba.algo3.modelo.RadarTest" name="testDeberianPrenderseLasEsquinas2ALaRedondaLuegoDelMovimientoDelAuto" time="0.002" />
  <testcase classname="fiuba.algo3.modelo.RadarTest" name="testDeberianApagarseEsquinasConDistanciaMayorQueDosALaRedonda" time="0.001" />
  <testcase classname="fiuba.algo3.modelo.RadarTest" name="testSiAutoVaYVieneDeEsquinaLaActualDeberiaEstarPrendida" time="0.001" />
  <testcase classname="fiuba.algo3.modelo.RadarTest" name="testDeberiaPrenderDosEsquinasALaRedondaAlCrearseElAuto" time="0.001" />
  <testcase classname="fiuba.algo3.modelo.RadarTest" name="testDeberianEstarPrendidaEsquinaAlJugar" time="0.001" />
  <testcase classname="fiuba.algo3.modelo.RadarTest" name="testRadarDeberiaExistir" time="0.0" />
  <system-out><![CDATA[]]></system-out>
  <system-err><![CDATA[]]></system-err>
</testsuite>
